<?xml version="1.0" encoding="UTF-8"?>
<testng-results ignored="0" total="6" passed="6" failed="0" skipped="0">
  <reporter-output>
  </reporter-output>
  <suite started-at="2025-08-13T00:25:26 CDT" name="RestAssured Framework" finished-at="2025-08-13T00:25:36 CDT" duration-ms="9704">
    <groups>
    </groups>
    <test started-at="2025-08-13T00:25:26 CDT" name="go Rest GET HTTP call" finished-at="2025-08-13T00:25:34 CDT" duration-ms="7506">
      <class name="com.qa.gorest.tests.GetUserTest">
        <test-method is-config="true" signature="setUp(java.lang.String)[pri:0, instance:com.qa.gorest.tests.GetUserTest@676cf48]" started-at="2025-08-13T00:25:26 CDT" name="setUp" finished-at="2025-08-13T00:25:27 CDT" duration-ms="746" status="PASS">
          <params>
            <param index="0">
              <value>
                <![CDATA[https://gorest.co.in]]>
              </value>
            </param>
          </params>
          <reporter-output>
          </reporter-output>
        </test-method> <!-- setUp -->
        <test-method signature="getAllUsersTest()[pri:1, instance:com.qa.gorest.tests.GetUserTest@676cf48]" started-at="2025-08-13T00:25:27 CDT" name="getAllUsersTest" finished-at="2025-08-13T00:25:30 CDT" duration-ms="3023" status="PASS">
          <reporter-output>
          </reporter-output>
        </test-method> <!-- getAllUsersTest -->
        <test-method signature="getUserTest()[pri:2, instance:com.qa.gorest.tests.GetUserTest@676cf48]" started-at="2025-08-13T00:25:30 CDT" name="getUserTest" finished-at="2025-08-13T00:25:31 CDT" duration-ms="1345" status="PASS">
          <reporter-output>
          </reporter-output>
        </test-method> <!-- getUserTest -->
        <test-method signature="getUserWithQueryParamsTest()[pri:3, instance:com.qa.gorest.tests.GetUserTest@676cf48]" started-at="2025-08-13T00:25:31 CDT" name="getUserWithQueryParamsTest" finished-at="2025-08-13T00:25:32 CDT" duration-ms="627" status="PASS">
          <reporter-output>
          </reporter-output>
        </test-method> <!-- getUserWithQueryParamsTest -->
        <test-method signature="createAUserTest()[pri:4, instance:com.qa.gorest.tests.GetUserTest@676cf48]" started-at="2025-08-13T00:25:32 CDT" name="createAUserTest" finished-at="2025-08-13T00:25:34 CDT" duration-ms="1624" status="PASS">
          <reporter-output>
          </reporter-output>
        </test-method> <!-- createAUserTest -->
      </class> <!-- com.qa.gorest.tests.GetUserTest -->
    </test> <!-- go Rest GET HTTP call -->
    <test started-at="2025-08-13T00:25:34 CDT" name="go Rest create HTTP call" finished-at="2025-08-13T00:25:35 CDT" duration-ms="1880">
      <class name="com.qa.gorest.tests.CreateUserTest">
        <test-method is-config="true" signature="setUp(java.lang.String)[pri:0, instance:com.qa.gorest.tests.CreateUserTest@3da30852]" started-at="2025-08-13T00:25:34 CDT" name="setUp" finished-at="2025-08-13T00:25:34 CDT" duration-ms="2" status="PASS">
          <params>
            <param index="0">
              <value>
                <![CDATA[https://gorest.co.in]]>
              </value>
            </param>
          </params>
          <reporter-output>
          </reporter-output>
        </test-method> <!-- setUp -->
        <test-method signature="createAUserTest()[pri:5, instance:com.qa.gorest.tests.CreateUserTest@3da30852]" started-at="2025-08-13T00:25:34 CDT" name="createAUserTest" finished-at="2025-08-13T00:25:35 CDT" duration-ms="1870" status="PASS">
          <reporter-output>
          </reporter-output>
        </test-method> <!-- createAUserTest -->
      </class> <!-- com.qa.gorest.tests.CreateUserTest -->
    </test> <!-- go Rest create HTTP call -->
    <test started-at="2025-08-13T00:25:35 CDT" name="Circuit API Test" finished-at="2025-08-13T00:25:36 CDT" duration-ms="245">
      <class name="com.qa.gorest.tests.CircuitTest">
        <test-method is-config="true" signature="setUp(java.lang.String)[pri:0, instance:com.qa.gorest.tests.CircuitTest@4c51cf28]" started-at="2025-08-13T00:25:35 CDT" name="setUp" finished-at="2025-08-13T00:25:35 CDT" duration-ms="2" status="PASS">
          <params>
            <param index="0">
              <value>
                <![CDATA[https://reqres.in]]>
              </value>
            </param>
          </params>
          <reporter-output>
          </reporter-output>
        </test-method> <!-- setUp -->
        <test-method signature="getAllUsersTest()[pri:0, instance:com.qa.gorest.tests.CircuitTest@4c51cf28]" started-at="2025-08-13T00:25:35 CDT" name="getAllUsersTest" finished-at="2025-08-13T00:25:36 CDT" duration-ms="236" status="PASS">
          <reporter-output>
          </reporter-output>
        </test-method> <!-- getAllUsersTest -->
      </class> <!-- com.qa.gorest.tests.CircuitTest -->
    </test> <!-- Circuit API Test -->
  </suite> <!-- RestAssured Framework -->
</testng-results>
