<?xml version="1.0" encoding="UTF-8"?>
<!-- Generated by org.testng.reporters.JUnitXMLReporter -->
<testsuite ignored="0" hostname="Haritha" failures="0" tests="4" name="go Rest GET HTTP call" time="7.506" errors="0" timestamp="2025-08-13T00:25:34 CDT">
  <testcase classname="com.qa.gorest.tests.GetUserTest" name="getAllUsersTest" time="3.023"/>
  <testcase classname="com.qa.gorest.tests.GetUserTest" name="getUserTest" time="1.345"/>
  <testcase classname="com.qa.gorest.tests.GetUserTest" name="getUserWithQueryParamsTest" time="0.627"/>
  <testcase classname="com.qa.gorest.tests.GetUserTest" name="createAUserTest" time="1.624"/>
</testsuite> <!-- go Rest GET HTTP call -->
