<?xml version="1.0" encoding="UTF-8"?>
<!-- Generated by org.testng.reporters.JUnitXMLReporter -->
<testsuite ignored="0" hostname="Haritha" failures="0" tests="4" name="go Rest GET HTTP call" time="6.252" errors="0" timestamp="2025-09-12T00:17:55 CDT">
  <testcase classname="com.qa.gorest.tests.GetUserTest" name="getAllUsersTest" time="2.131"/>
  <testcase classname="com.qa.gorest.tests.GetUserTest" name="getUserTest" time="1.682"/>
  <testcase classname="com.qa.gorest.tests.GetUserTest" name="getUserWithQueryParamsTest" time="0.533"/>
  <testcase classname="com.qa.gorest.tests.GetUserTest" name="createAUserTest" time="1.43"/>
</testsuite> <!-- go Rest GET HTTP call -->
